<?xml version="1.0" encoding="UTF-8"?>
<!-- Generated by org.testng.reporters.JUnitXMLReporter -->
<testsuite hostname="suranjanas-Air.home" ignored="0" name="Test" tests="9" failures="0" timestamp="13 Aug 2020 08:46:44 GMT" time="14.742" errors="0">
  <testcase name="ValidateFlashexcerciseWithValidData" time="1.769" classname="com.excercise.qa.testcases.FlashPageTest"/>
  <testcase name="ValidateFlashexcerciseWithInValidData" time="1.005" classname="com.excercise.qa.testcases.FlashPageTest"/>
  <testcase name="ValidateFlashexcerciseWithInValidData" time="0.712" classname="com.excercise.qa.testcases.FlashPageTest"/>
  <testcase name="ValidateFlashexcerciseWithInValidData" time="0.768" classname="com.excercise.qa.testcases.FlashPageTest"/>
  <testcase name="ValidateFlashexcerciseWithInValidData" time="0.627" classname="com.excercise.qa.testcases.FlashPageTest"/>
  <testcase name="ValidateFlashexcerciseWithInValidData" time="0.644" classname="com.excercise.qa.testcases.FlashPageTest"/>
  <testcase name="ValidateFlashexcerciseWithInValidData" time="0.624" classname="com.excercise.qa.testcases.FlashPageTest"/>
  <testcase name="ValidateFlashexcerciseWithInValidData" time="0.729" classname="com.excercise.qa.testcases.FlashPageTest"/>
  <testcase name="ValidateFlashexcerciseWithInValidData" time="0.602" classname="com.excercise.qa.testcases.FlashPageTest"/>
</testsuite> <!-- Test -->
