<?xml version="1.0" encoding="UTF-8"?>
<testng-results skipped="0" failed="0" ignored="0" total="9" passed="9">
  <reporter-output>
  </reporter-output>
  <suite name="Suite" duration-ms="14742" started-at="2020-08-13T08:46:29Z" finished-at="2020-08-13T08:46:44Z">
    <groups>
    </groups>
    <test name="Test" duration-ms="14742" started-at="2020-08-13T08:46:29Z" finished-at="2020-08-13T08:46:44Z">
      <class name="com.excercise.qa.testcases.FlashPageTest">
        <test-method status="PASS" signature="setUp()[pri:0, instance:com.excercise.qa.testcases.FlashPageTest@5dd6264]" name="setUp" is-config="true" duration-ms="6948" started-at="2020-08-13T08:46:29Z" finished-at="2020-08-13T08:46:36Z">
          <reporter-output>
          </reporter-output>
        </test-method> <!-- setUp -->
        <test-method status="PASS" signature="ValidateFlashexcerciseWithValidData(java.lang.String, java.lang.String, java.lang.String, java.lang.String)[pri:0, instance:com.excercise.qa.testcases.FlashPageTest@5dd6264]" name="ValidateFlashexcerciseWithValidData" duration-ms="1769" started-at="2020-08-13T08:46:36Z" data-provider="FlashexcerciseWithValidData" finished-at="2020-08-13T08:46:38Z">
          <params>
            <param index="0">
              <value>
                <![CDATA[Pink]]>
              </value>
            </param>
            <param index="1">
              <value is-null="true"/>
            </param>
            <param index="2">
              <value>
                <![CDATA[Correct]]>
              </value>
            </param>
            <param index="3">
              <value>
                <![CDATA[Correct]]>
              </value>
            </param>
          </params>
          <reporter-output>
          </reporter-output>
        </test-method> <!-- ValidateFlashexcerciseWithValidData -->
        <test-method status="PASS" signature="ValidateFlashexcerciseWithInValidData(java.lang.String, java.lang.String, java.lang.String, java.lang.String)[pri:0, instance:com.excercise.qa.testcases.FlashPageTest@5dd6264]" name="ValidateFlashexcerciseWithInValidData" duration-ms="1005" started-at="2020-08-13T08:46:38Z" data-provider="FlashexcerciseWithInValidData" depends-on-methods="com.excercise.qa.testcases.FlashPageTest.ValidateFlashexcerciseWithValidData" finished-at="2020-08-13T08:46:39Z">
          <params>
            <param index="0">
              <value>
                <![CDATA[Purple]]>
              </value>
            </param>
            <param index="1">
              <value>
                <![CDATA[Hello]]>
              </value>
            </param>
            <param index="2">
              <value>
                <![CDATA[Correct]]>
              </value>
            </param>
            <param index="3">
              <value>
                <![CDATA[Correct]]>
              </value>
            </param>
          </params>
          <reporter-output>
          </reporter-output>
        </test-method> <!-- ValidateFlashexcerciseWithInValidData -->
        <test-method status="PASS" signature="ValidateFlashexcerciseWithInValidData(java.lang.String, java.lang.String, java.lang.String, java.lang.String)[pri:0, instance:com.excercise.qa.testcases.FlashPageTest@5dd6264]" name="ValidateFlashexcerciseWithInValidData" duration-ms="712" started-at="2020-08-13T08:46:39Z" data-provider="FlashexcerciseWithInValidData" depends-on-methods="com.excercise.qa.testcases.FlashPageTest.ValidateFlashexcerciseWithValidData" finished-at="2020-08-13T08:46:40Z">
          <params>
            <param index="0">
              <value>
                <![CDATA[Purple]]>
              </value>
            </param>
            <param index="1">
              <value>
                <![CDATA[]]>
              </value>
            </param>
            <param index="2">
              <value>
                <![CDATA[Wrong]]>
              </value>
            </param>
            <param index="3">
              <value>
                <![CDATA[Correct]]>
              </value>
            </param>
          </params>
          <reporter-output>
          </reporter-output>
        </test-method> <!-- ValidateFlashexcerciseWithInValidData -->
        <test-method status="PASS" signature="ValidateFlashexcerciseWithInValidData(java.lang.String, java.lang.String, java.lang.String, java.lang.String)[pri:0, instance:com.excercise.qa.testcases.FlashPageTest@5dd6264]" name="ValidateFlashexcerciseWithInValidData" duration-ms="768" started-at="2020-08-13T08:46:40Z" data-provider="FlashexcerciseWithInValidData" depends-on-methods="com.excercise.qa.testcases.FlashPageTest.ValidateFlashexcerciseWithValidData" finished-at="2020-08-13T08:46:40Z">
          <params>
            <param index="0">
              <value>
                <![CDATA[Pink]]>
              </value>
            </param>
            <param index="1">
              <value>
                <![CDATA[ Hello world.]]>
              </value>
            </param>
            <param index="2">
              <value>
                <![CDATA[Wrong]]>
              </value>
            </param>
            <param index="3">
              <value>
                <![CDATA[Correct]]>
              </value>
            </param>
          </params>
          <reporter-output>
          </reporter-output>
        </test-method> <!-- ValidateFlashexcerciseWithInValidData -->
        <test-method status="PASS" signature="ValidateFlashexcerciseWithInValidData(java.lang.String, java.lang.String, java.lang.String, java.lang.String)[pri:0, instance:com.excercise.qa.testcases.FlashPageTest@5dd6264]" name="ValidateFlashexcerciseWithInValidData" duration-ms="627" started-at="2020-08-13T08:46:40Z" data-provider="FlashexcerciseWithInValidData" depends-on-methods="com.excercise.qa.testcases.FlashPageTest.ValidateFlashexcerciseWithValidData" finished-at="2020-08-13T08:46:41Z">
          <params>
            <param index="0">
              <value>
                <![CDATA[Pink]]>
              </value>
            </param>
            <param index="1">
              <value>
                <![CDATA[ Hello world.]]>
              </value>
            </param>
            <param index="2">
              <value>
                <![CDATA[Correct]]>
              </value>
            </param>
            <param index="3">
              <value>
                <![CDATA[Wrong]]>
              </value>
            </param>
          </params>
          <reporter-output>
          </reporter-output>
        </test-method> <!-- ValidateFlashexcerciseWithInValidData -->
        <test-method status="PASS" signature="ValidateFlashexcerciseWithInValidData(java.lang.String, java.lang.String, java.lang.String, java.lang.String)[pri:0, instance:com.excercise.qa.testcases.FlashPageTest@5dd6264]" name="ValidateFlashexcerciseWithInValidData" duration-ms="644" started-at="2020-08-13T08:46:41Z" data-provider="FlashexcerciseWithInValidData" depends-on-methods="com.excercise.qa.testcases.FlashPageTest.ValidateFlashexcerciseWithValidData" finished-at="2020-08-13T08:46:42Z">
          <params>
            <param index="0">
              <value>
                <![CDATA[Purple]]>
              </value>
            </param>
            <param index="1">
              <value>
                <![CDATA[ Hello world.]]>
              </value>
            </param>
            <param index="2">
              <value>
                <![CDATA[Correct]]>
              </value>
            </param>
            <param index="3">
              <value>
                <![CDATA[Correct]]>
              </value>
            </param>
          </params>
          <reporter-output>
          </reporter-output>
        </test-method> <!-- ValidateFlashexcerciseWithInValidData -->
        <test-method status="PASS" signature="ValidateFlashexcerciseWithInValidData(java.lang.String, java.lang.String, java.lang.String, java.lang.String)[pri:0, instance:com.excercise.qa.testcases.FlashPageTest@5dd6264]" name="ValidateFlashexcerciseWithInValidData" duration-ms="624" started-at="2020-08-13T08:46:42Z" data-provider="FlashexcerciseWithInValidData" depends-on-methods="com.excercise.qa.testcases.FlashPageTest.ValidateFlashexcerciseWithValidData" finished-at="2020-08-13T08:46:42Z">
          <params>
            <param index="0">
              <value>
                <![CDATA[Purple]]>
              </value>
            </param>
            <param index="1">
              <value>
                <![CDATA[ Hello world.]]>
              </value>
            </param>
            <param index="2">
              <value>
                <![CDATA[Correct]]>
              </value>
            </param>
            <param index="3">
              <value>
                <![CDATA[Wrong]]>
              </value>
            </param>
          </params>
          <reporter-output>
          </reporter-output>
        </test-method> <!-- ValidateFlashexcerciseWithInValidData -->
        <test-method status="PASS" signature="ValidateFlashexcerciseWithInValidData(java.lang.String, java.lang.String, java.lang.String, java.lang.String)[pri:0, instance:com.excercise.qa.testcases.FlashPageTest@5dd6264]" name="ValidateFlashexcerciseWithInValidData" duration-ms="729" started-at="2020-08-13T08:46:42Z" data-provider="FlashexcerciseWithInValidData" depends-on-methods="com.excercise.qa.testcases.FlashPageTest.ValidateFlashexcerciseWithValidData" finished-at="2020-08-13T08:46:43Z">
          <params>
            <param index="0">
              <value>
                <![CDATA[Purple]]>
              </value>
            </param>
            <param index="1">
              <value>
                <![CDATA[ Hello world.]]>
              </value>
            </param>
            <param index="2">
              <value>
                <![CDATA[Wrong]]>
              </value>
            </param>
            <param index="3">
              <value>
                <![CDATA[Correct]]>
              </value>
            </param>
          </params>
          <reporter-output>
          </reporter-output>
        </test-method> <!-- ValidateFlashexcerciseWithInValidData -->
        <test-method status="PASS" signature="ValidateFlashexcerciseWithInValidData(java.lang.String, java.lang.String, java.lang.String, java.lang.String)[pri:0, instance:com.excercise.qa.testcases.FlashPageTest@5dd6264]" name="ValidateFlashexcerciseWithInValidData" duration-ms="602" started-at="2020-08-13T08:46:43Z" data-provider="FlashexcerciseWithInValidData" depends-on-methods="com.excercise.qa.testcases.FlashPageTest.ValidateFlashexcerciseWithValidData" finished-at="2020-08-13T08:46:44Z">
          <params>
            <param index="0">
              <value>
                <![CDATA[]]>
              </value>
            </param>
            <param index="1">
              <value>
                <![CDATA[ Hello world.]]>
              </value>
            </param>
            <param index="2">
              <value>
                <![CDATA[Correct]]>
              </value>
            </param>
            <param index="3">
              <value>
                <![CDATA[Correct]]>
              </value>
            </param>
          </params>
          <reporter-output>
          </reporter-output>
        </test-method> <!-- ValidateFlashexcerciseWithInValidData -->
        <test-method status="PASS" signature="teardown()[pri:0, instance:com.excercise.qa.testcases.FlashPageTest@5dd6264]" name="teardown" is-config="true" duration-ms="252" started-at="2020-08-13T08:46:44Z" finished-at="2020-08-13T08:46:44Z">
          <reporter-output>
          </reporter-output>
        </test-method> <!-- teardown -->
      </class> <!-- com.excercise.qa.testcases.FlashPageTest -->
    </test> <!-- Test -->
  </suite> <!-- Suite -->
</testng-results>
